#
# There is insufficient memory for the Java Runtime Environment to continue.
# Native memory allocation (mmap) failed to map 125829120 bytes. Error detail: G1 virtual space
# Possible reasons:
#   The system is out of physical RAM or swap space
#   This process is running with CompressedOops enabled, and the Java Heap may be blocking the growth of the native heap
# Possible solutions:
#   Reduce memory load on the system
#   Increase physical memory or swap space
#   Check if swap backing store is full
#   Decrease Java heap size (-Xmx/-Xms)
#   Decrease number of Java threads
#   Decrease Java thread stack sizes (-Xss)
#   Set larger code cache with -XX:ReservedCodeCacheSize=
#   JVM is running with Unscaled Compressed Oops mode in which the Java heap is
#     placed in the first 4GB address space. The Java Heap base address is the
#     maximum limit for the native heap growth. Please use -XX:HeapBaseMinAddress
#     to set the Java Heap base and to place the Java Heap above 4GB virtual address.
# This output file may be truncated or incomplete.
#
#  Out of Memory Error (os_windows.cpp:3898), pid=4384, tid=3920
#
# JRE version:  (21.0.7) (build )
# Java VM: OpenJDK 64-Bit Server VM (21.0.7+-13880790-b1038.58, mixed mode, sharing, tiered, compressed oops, compressed class ptrs, g1 gc, windows-amd64)
# No core dump will be written. Minidumps are not enabled by default on client versions of Windows
#

---------------  S U M M A R Y ------------

Command Line: org.jetbrains.kotlin.cli.jvm.K2JVMCompiler @D:\SEMESTER 3\PEMROGAMAN MOBILE\HappyBirthday\app\build\20250924_16836252318343337777.compiler.options

Host: AMD A4-9125 RADEON R3, 4 COMPUTE CORES 2C+2G   , 2 cores, 7G,  Windows 10 , 64 bit Build 19041 (10.0.19041.5915)
Time: Wed Sep 24 21:47:26 2025 SE Asia Standard Time elapsed time: 0.183902 seconds (0d 0h 0m 0s)

---------------  T H R E A D  ---------------

Current thread (0x0000017c4c3c9a40):  JavaThread "Unknown thread" [_thread_in_vm, id=3920, stack(0x00000032b7f00000,0x00000032b8000000) (1024K)]

Stack: [0x00000032b7f00000,0x00000032b8000000]
Native frames: (J=compiled Java code, j=interpreted, Vv=VM code, C=native code)
V  [jvm.dll+0x6d25c9]
V  [jvm.dll+0x860923]
V  [jvm.dll+0x862e7e]
V  [jvm.dll+0x863563]
V  [jvm.dll+0x27f156]
V  [jvm.dll+0x6ceee5]
V  [jvm.dll+0x6c29aa]
V  [jvm.dll+0x355ebb]
V  [jvm.dll+0x35db16]
V  [jvm.dll+0x3afb16]
V  [jvm.dll+0x3afde8]
V  [jvm.dll+0x32855c]
V  [jvm.dll+0x32924b]
V  [jvm.dll+0x828379]
V  [jvm.dll+0x3bcce8]
V  [jvm.dll+0x811628]
V  [jvm.dll+0x45121e]
V  [jvm.dll+0x452981]
C  [jli.dll+0x52ab]
C  [ucrtbase.dll+0x21bb2]
C  [KERNEL32.DLL+0x17374]
C  [ntdll.dll+0x4cc91]


---------------  P R O C E S S  ---------------

Threads class SMR info:
_java_thread_list=0x00007ffdc29c4888, length=0, elements={
}

Java Threads: ( => current thread )
Total: 0

Other Threads:
  0x0000017c4e61b730 WorkerThread "GC Thread#0"                     [id=13228, stack(0x00000032b8000000,0x00000032b8100000) (1024K)]
  0x0000017c4e62ce30 ConcurrentGCThread "G1 Main Marker"            [id=12936, stack(0x00000032b8100000,0x00000032b8200000) (1024K)]
  0x0000017c4e62daa0 WorkerThread "G1 Conc#0"                       [id=11132, stack(0x00000032b8200000,0x00000032b8300000) (1024K)]

[error occurred during error reporting (printing all threads), id 0xc0000005, EXCEPTION_ACCESS_VIOLATION (0xc0000005) at pc=0x00007ffdc21bb5b7]
VM state: not at safepoint (not fully initialized)

VM Mutex/Monitor currently owned by a thread:  ([mutex/lock_event])
[0x00007ffdc2a31568] Heap_lock - owner thread: 0x0000017c4c3c9a40

Heap address: 0x0000000088800000, size: 1912 MB, Compressed Oops mode: 32-bit

CDS archive(s) mapped at: [0x0000000000000000-0x0000000000000000-0x0000000000000000), size 0, SharedBaseAddress: 0x0000000800000000, ArchiveRelocationMode: 1.
Narrow klass base: 0x0000000000000000, Narrow klass shift: 0, Narrow klass range: 0x0

GC Precious Log:
 CardTable entry size: 512
 Card Set container configuration: InlinePtr #cards 5 size 8 Array Of Cards #cards 12 size 40 Howl #buckets 4 coarsen threshold 1843 Howl Bitmap #cards 512 size 80 coarsen threshold 460 Card regions per heap region 1 cards per card region 2048

Heap:
 garbage-first heap   total 0K, used 0K [0x0000000088800000, 0x0000000100000000)
  region size 1024K, 0 young (0K), 0 survivors (0K)
 Metaspace       used 0K, committed 0K, reserved 0K
  class space    used 0K, committed 0K, reserved 0K

Heap Regions: E=young(eden), S=young(survivor), O=old, HS=humongous(starts), HC=humongous(continues), CS=collection set, F=free, TAMS=top-at-mark-start, PB=parsable bottom

Card table byte_map: [0x0000017c60730000,0x0000017c60af0000] _byte_map_base: 0x0000017c602ec000

Marking Bits: (CMBitMap*) 0x0000017c4e61c640
 Bits: [0x0000017c60af0000, 0x0000017c628d0000)

GC Heap History (0 events):
No events

Dll operation events (1 events):
Event: 0.064 Loaded shared library D:\PEMROGAMAN MOBILE\jbr\bin\java.dll

Deoptimization events (0 events):
No events

Classes loaded (0 events):
No events

Classes unloaded (0 events):
No events

Classes redefined (0 events):
No events

Internal exceptions (0 events):
No events

ZGC Phase Switch (0 events):
No events

VM Operations (0 events):
No events

Memory protections (0 events):
No events

Nmethod flushes (0 events):
No events

Events (0 events):
No events


Dynamic libraries:
0x00007ff78b9d0000 - 0x00007ff78b9da000 	D:\PEMROGAMAN MOBILE\jbr\bin\java.exe
0x00007ffe48c10000 - 0x00007ffe48e08000 	C:\Windows\SYSTEM32\ntdll.dll
0x00007ffe48b00000 - 0x00007ffe48bc2000 	C:\Windows\System32\KERNEL32.DLL
0x00007ffe46550000 - 0x00007ffe46846000 	C:\Windows\System32\KERNELBASE.dll
0x00007ffe46a90000 - 0x00007ffe46b90000 	C:\Windows\System32\ucrtbase.dll
0x00007ffe36bc0000 - 0x00007ffe36bd8000 	D:\PEMROGAMAN MOBILE\jbr\bin\jli.dll
0x00007ffe47a30000 - 0x00007ffe47bcd000 	C:\Windows\System32\USER32.dll
0x00007ffe46440000 - 0x00007ffe46462000 	C:\Windows\System32\win32u.dll
0x00007ffe47a00000 - 0x00007ffe47a2b000 	C:\Windows\System32\GDI32.dll
0x00007ffe46970000 - 0x00007ffe46a89000 	C:\Windows\System32\gdi32full.dll
0x00007ffe46850000 - 0x00007ffe468ed000 	C:\Windows\System32\msvcp_win.dll
0x00007ffe2c100000 - 0x00007ffe2c11b000 	D:\PEMROGAMAN MOBILE\jbr\bin\VCRUNTIME140.dll
0x00007ffe38170000 - 0x00007ffe3840b000 	C:\Windows\WinSxS\amd64_microsoft.windows.common-controls_6595b64144ccf1df_6.0.19041.6280_none_60bc30a171f2f3f3\COMCTL32.dll
0x00007ffe48a60000 - 0x00007ffe48afe000 	C:\Windows\System32\msvcrt.dll
0x00007ffe488e0000 - 0x00007ffe4890f000 	C:\Windows\System32\IMM32.DLL
0x00007ffe34f50000 - 0x00007ffe34f5c000 	D:\PEMROGAMAN MOBILE\jbr\bin\vcruntime140_1.dll
0x00007ffe1e450000 - 0x00007ffe1e4dd000 	D:\PEMROGAMAN MOBILE\jbr\bin\msvcp140.dll
0x00007ffdc1e80000 - 0x00007ffdc2b0e000 	D:\PEMROGAMAN MOBILE\jbr\bin\server\jvm.dll
0x00007ffe46e30000 - 0x00007ffe46ee1000 	C:\Windows\System32\ADVAPI32.dll
0x00007ffe46f50000 - 0x00007ffe46fef000 	C:\Windows\System32\sechost.dll
0x00007ffe46c40000 - 0x00007ffe46d60000 	C:\Windows\System32\RPCRT4.dll
0x00007ffe462b0000 - 0x00007ffe462d7000 	C:\Windows\System32\bcrypt.dll
0x00007ffe48930000 - 0x00007ffe4899b000 	C:\Windows\System32\WS2_32.dll
0x00007ffe46060000 - 0x00007ffe460ab000 	C:\Windows\SYSTEM32\POWRPROF.dll
0x00007ffe3e060000 - 0x00007ffe3e087000 	C:\Windows\SYSTEM32\WINMM.dll
0x00007ffe3e050000 - 0x00007ffe3e05a000 	C:\Windows\SYSTEM32\VERSION.dll
0x00007ffe46040000 - 0x00007ffe46052000 	C:\Windows\SYSTEM32\UMPDC.dll
0x00007ffe44130000 - 0x00007ffe44142000 	C:\Windows\SYSTEM32\kernel.appcore.dll
0x00007ffe34df0000 - 0x00007ffe34dfa000 	D:\PEMROGAMAN MOBILE\jbr\bin\jimage.dll
0x00007ffe358b0000 - 0x00007ffe35ab1000 	C:\Windows\SYSTEM32\DBGHELP.DLL
0x00007ffe35870000 - 0x00007ffe358a4000 	C:\Windows\SYSTEM32\dbgcore.DLL
0x00007ffe46470000 - 0x00007ffe464f2000 	C:\Windows\System32\bcryptPrimitives.dll
0x00007ffe2b120000 - 0x00007ffe2b140000 	D:\PEMROGAMAN MOBILE\jbr\bin\java.dll

dbghelp: loaded successfully - version: 4.0.5 - missing functions: none
symbol engine: initialized successfully - sym options: 0x614 - pdb path: .;D:\PEMROGAMAN MOBILE\jbr\bin;C:\Windows\SYSTEM32;C:\Windows\WinSxS\amd64_microsoft.windows.common-controls_6595b64144ccf1df_6.0.19041.6280_none_60bc30a171f2f3f3;D:\PEMROGAMAN MOBILE\jbr\bin\server

VM Arguments:
java_command: org.jetbrains.kotlin.cli.jvm.K2JVMCompiler @D:\SEMESTER 3\PEMROGAMAN MOBILE\HappyBirthday\app\build\20250924_16836252318343337777.compiler.options
java_class_path (initial): C:\Users\LENOVO\.gradle\caches\modules-2\files-2.1\org.jetbrains.kotlin\kotlin-compiler-embeddable\2.0.21\79346ed53db48b18312a472602eb5c057070c54d\kotlin-compiler-embeddable-2.0.21.jar;C:\Users\LENOVO\.gradle\caches\modules-2\files-2.1\org.jetbrains.kotlin\kotlin-stdlib\2.0.21\618b539767b4899b4660a83006e052b63f1db551\kotlin-stdlib-2.0.21.jar;C:\Users\LENOVO\.gradle\caches\modules-2\files-2.1\org.jetbrains.kotlin\kotlin-script-runtime\2.0.21\c9b044380ad41f89aa89aa896c2d32a8c0b2129d\kotlin-script-runtime-2.0.21.jar;C:\Users\LENOVO\.gradle\caches\modules-2\files-2.1\org.jetbrains.kotlin\kotlin-reflect\1.6.10\1cbe9c92c12a94eea200d23c2bbaedaf3daf5132\kotlin-reflect-1.6.10.jar;C:\Users\LENOVO\.gradle\caches\modules-2\files-2.1\org.jetbrains.kotlin\kotlin-daemon-embeddable\2.0.21\c9e933b23287de9b5a17e2116b4657bb91aea72c\kotlin-daemon-embeddable-2.0.21.jar;C:\Users\LENOVO\.gradle\caches\modules-2\files-2.1\org.jetbrains.intellij.deps\trove4j\1.0.20200330\3afb14d5f9ceb459d724e907a21145e8ff394f02\trove4j-1.0.20200330.jar;C:\Users\LENOVO\.gradle\caches\modules-2\files-2.1\org.jetbrains.kotlinx\kotlinx-coroutines-core-jvm\1.6.4\2c997cd1c0ef33f3e751d3831929aeff1390cb30\kotlinx-coroutines-core-jvm-1.6.4.jar;C:\Users\LENOVO\.gradle\caches\modules-2\files-2.1\org.jetbrains\annotations\13.0\919f0dfe192fb4e063e7dacadee7f8bb9a2672a9\annotations-13.0.jar
Launcher Type: SUN_STANDARD

[Global flags]
     intx CICompilerCount                          = 2                                         {product} {ergonomic}
     uint ConcGCThreads                            = 1                                         {product} {ergonomic}
     uint G1ConcRefinementThreads                  = 2                                         {product} {ergonomic}
   size_t G1HeapRegionSize                         = 1048576                                   {product} {ergonomic}
    uintx GCDrainStackTargetSize                   = 64                                        {product} {ergonomic}
   size_t InitialHeapSize                          = 125829120                                 {product} {ergonomic}
   size_t MarkStackSize                            = 4194304                                   {product} {ergonomic}
   size_t MaxHeapSize                              = 2004877312                                {product} {ergonomic}
   size_t MinHeapDeltaBytes                        = 1048576                                   {product} {ergonomic}
   size_t MinHeapSize                              = 8388608                                   {product} {ergonomic}
    uintx NonNMethodCodeHeapSize                   = 5826188                                {pd product} {ergonomic}
    uintx NonProfiledCodeHeapSize                  = 122916026                              {pd product} {ergonomic}
    uintx ProfiledCodeHeapSize                     = 122916026                              {pd product} {ergonomic}
    uintx ReservedCodeCacheSize                    = 251658240                              {pd product} {ergonomic}
     bool SegmentedCodeCache                       = true                                      {product} {ergonomic}
   size_t SoftMaxHeapSize                          = 2004877312                             {manageable} {ergonomic}
     bool UseCompressedOops                        = true                           {product lp64_product} {ergonomic}
     bool UseG1GC                                  = true                                      {product} {ergonomic}
     bool UseLargePagesIndividualAllocation        = false                                  {pd product} {ergonomic}

Logging:
Log output configuration:
 #0: stdout all=warning uptime,level,tags foldmultilines=false
 #1: stderr all=off uptime,level,tags foldmultilines=false

Environment Variables:
JAVA_HOME=C:\Program Files\Eclipse Adoptium\jdk-17.0.15.6-hotspot\jdk-17.0.10
PATH=%JAVA_HOME%\bin;C:\Windows\system32;C:\Windows;C:\Windows\System32\Wbem;C:\Windows\System32\WindowsPowerShell\v1.0\;C:\Windows\System32\OpenSSH\;C:\Program Files\Git\cmd;C:\xampp\php;C:\ProgramData\ComposerSetup\bin;C:\Users\LENOVO\AppData\Local\Microsoft\WindowsApps;C:\Users\LENOVO\AppData\Local\Programs\Microsoft VS Code\bin;C:\Users\LENOVO\AppData\Roaming\Composer\vendor\bin
USERNAME=LENOVO
OS=Windows_NT
PROCESSOR_IDENTIFIER=AMD64 Family 21 Model 112 Stepping 0, AuthenticAMD
TMP=C:\Users\LENOVO\AppData\Local\Temp
TEMP=C:\Users\LENOVO\AppData\Local\Temp




Periodic native trim disabled

JNI global refs:
JNI global refs: 0, weak refs: 0

JNI global refs memory usage: 0, weak refs: 0

Process memory usage:
Resident Set Size: 10544K (0% of 7830904K total physical memory with 317916K free physical memory)

OOME stack traces (most recent first):
Classloader memory used:

---------------  S Y S T E M  ---------------

OS:
 Windows 10 , 64 bit Build 19041 (10.0.19041.5915)
OS uptime: 6 days 14:24 hours

CPU: total 2 (initial active 2) (2 cores per cpu, 1 threads per core) family 21 model 112 stepping 0 microcode 0x0, cx8, cmov, fxsr, mmx, 3dnowpref, sse, sse2, sse3, ssse3, sse4a, sse4.1, sse4.2, popcnt, lzcnt, tsc, tscinvbit, avx, avx2, aes, clmul, bmi1, bmi2, fma, vzeroupper, clflush, rdtscp, f16c
Processor Information for the first 2 processors :
  Max Mhz: 2300, Current Mhz: 2300, Mhz Limit: 2300

Memory: 4k page, system-wide physical 7647M (310M free)
TotalPageFile size 16397M (AvailPageFile size 96M)
current process WorkingSet (physical memory assigned to process): 10M, peak: 10M
current process commit charge ("private bytes"): 47M, peak: 167M

vm_info: OpenJDK 64-Bit Server VM (21.0.7+-13880790-b1038.58) for windows-amd64 JRE (21.0.7+-13880790-b1038.58), built on 2025-08-04T20:56:21Z by "builder" with MS VC++ 16.10 / 16.11 (VS2019)

END.
